<?xml version="1.0" encoding="UTF-8"?>
<testng-results ignored="0" total="1" passed="1" failed="0" skipped="0">
  <reporter-output>
  </reporter-output>
  <suite started-at="2024-01-26T09:48:01 IST" name="Default suite" finished-at="2024-01-26T09:48:41 IST" duration-ms="39663">
    <groups>
    </groups>
    <test started-at="2024-01-26T09:48:01 IST" name="Default test" finished-at="2024-01-26T09:48:41 IST" duration-ms="39663">
      <class name="registrationFunctionality.TCRF025">
        <test-method is-config="true" signature="setUp()[pri:0, instance:registrationFunctionality.TCRF025@3ba987b8]" started-at="2024-01-26T09:48:01 IST" name="setUp" finished-at="2024-01-26T09:48:40 IST" duration-ms="39131" status="PASS">
          <reporter-output>
          </reporter-output>
        </test-method> <!-- setUp -->
        <test-method signature="testRegisterFunctionalityWithVariousAttributes()[pri:0, instance:registrationFunctionality.TCRF025@3ba987b8]" started-at="2024-01-26T09:48:40 IST" name="testRegisterFunctionalityWithVariousAttributes" finished-at="2024-01-26T09:48:41 IST" duration-ms="279" status="PASS">
          <reporter-output>
          </reporter-output>
        </test-method> <!-- testRegisterFunctionalityWithVariousAttributes -->
        <test-method is-config="true" signature="tearDown()[pri:0, instance:registrationFunctionality.TCRF025@3ba987b8]" started-at="2024-01-26T09:48:41 IST" name="tearDown" finished-at="2024-01-26T09:48:41 IST" duration-ms="183" status="PASS">
          <reporter-output>
          </reporter-output>
        </test-method> <!-- tearDown -->
      </class> <!-- registrationFunctionality.TCRF025 -->
    </test> <!-- Default test -->
  </suite> <!-- Default suite -->
</testng-results>
